This file contains any messages produced by compilers while
running configure, to aid debugging if configure makes a mistake.

It was created by configure, which was
generated by GNU Autoconf 2.57.  Invocation command line was

  $ ./configure --prefix=/usr

## --------- ##
## Platform. ##
## --------- ##

hostname = mike
uname -m = i686
uname -r = 2.6.11.10
uname -s = Linux
uname -v = #1 SMP Fri Jun 3 18:53:57 CDT 2005

/usr/bin/uname -p = Intel(R) Pentium(R) 4 CPU 3.00GHz
/bin/uname -X     = unknown

/bin/arch              = i686
/usr/bin/arch -k       = unknown
/usr/convex/getsysinfo = unknown
hostinfo               = unknown
/bin/machine           = unknown
/usr/bin/oslevel       = unknown
/bin/universe          = unknown

PATH: /usr/kde/3.2/bin
PATH: /bin
PATH: /usr/bin
PATH: /usr/local/bin
PATH: /opt/bin
PATH: /usr/i686-pc-linux-gnu/gcc-bin/3.4
PATH: /opt/sun-jdk-1.5.0.03/bin
PATH: /opt/sun-jdk-1.5.0.03/jre/bin
PATH: /usr/qt/3/bin
PATH: /usr/kde/3.2/bin


## ----------- ##
## Core tests. ##
## ----------- ##

configure:1496: checking for gcc
configure:1522: result: gcc
configure:1766: checking for C compiler version
configure:1769: gcc --version </dev/null >&5
gcc (GCC) 3.4.2  (Gentoo Linux 3.4.2-r1, ssp-3.4.1-1, pie-8.7.6.5)
Copyright (C) 2004 Free Software Foundation, Inc.
This is free software; see the source for copying conditions.  There is NO
warranty; not even for MERCHANTABILITY or FITNESS FOR A PARTICULAR PURPOSE.

configure:1772: $? = 0
configure:1774: gcc -v </dev/null >&5
Reading specs from /usr/lib/gcc/i686-pc-linux-gnu/3.4.2/specs
Configured with: /var/tmp/portage/gcc-3.4.2-r1/work/gcc-3.4.2/configure --enable-version-specific-runtime-libs --prefix=/usr --bindir=/usr/i686-pc-linux-gnu/gcc-bin/3.4 --includedir=/usr/lib/gcc/i686-pc-linux-gnu/3.4.2/include --datadir=/usr/share/gcc-data/i686-pc-linux-gnu/3.4 --mandir=/usr/share/gcc-data/i686-pc-linux-gnu/3.4/man --infodir=/usr/share/gcc-data/i686-pc-linux-gnu/3.4/info --with-gxx-include-dir=/usr/lib/gcc/i686-pc-linux-gnu/3.4.2/include/g++-v3 --host=i686-pc-linux-gnu --enable-nls --without-included-gettext --enable-__cxa_atexit --enable-clocale=gnu --enable-shared --with-system-zlib --disable-checking --disable-werror --disable-libunwind-exceptions --with-gnu-ld --enable-threads=posix --disable-multilib --disable-libgcj --enable-languages=c,c++
Thread model: posix
gcc version 3.4.2  (Gentoo Linux 3.4.2-r1, ssp-3.4.1-1, pie-8.7.6.5)
configure:1777: $? = 0
configure:1779: gcc -V </dev/null >&5
gcc: `-V' option must have argument
configure:1782: $? = 1
configure:1806: checking for C compiler default output
configure:1809: gcc    conftest.c  >&5
configure:1812: $? = 0
configure:1858: result: a.out
configure:1863: checking whether the C compiler works
configure:1869: ./a.out
configure:1872: $? = 0
configure:1889: result: yes
configure:1896: checking whether we are cross compiling
configure:1898: result: no
configure:1901: checking for suffix of executables
configure:1903: gcc -o conftest    conftest.c  >&5
configure:1906: $? = 0
configure:1931: result: 
configure:1937: checking for suffix of object files
configure:1959: gcc -c   conftest.c >&5
configure:1962: $? = 0
configure:1984: result: o
configure:1988: checking whether we are using the GNU C compiler
configure:2013: gcc -c   conftest.c >&5
configure:2016: $? = 0
configure:2019: test -s conftest.o
configure:2022: $? = 0
configure:2035: result: yes
configure:2041: checking whether gcc accepts -g
configure:2063: gcc -c -g  conftest.c >&5
configure:2066: $? = 0
configure:2069: test -s conftest.o
configure:2072: $? = 0
configure:2083: result: yes
configure:2100: checking for gcc option to accept ANSI C
configure:2161: gcc  -c -g -O2  conftest.c >&5
configure:2164: $? = 0
configure:2167: test -s conftest.o
configure:2170: $? = 0
configure:2188: result: none needed
configure:2206: gcc -c -g -O2  conftest.c >&5
conftest.c:2: error: parse error before "me"
configure:2209: $? = 1
configure: failed program was:
| #ifndef __cplusplus
|   choke me
| #endif
configure:2355: checking for a BSD-compatible install
configure:2409: result: /bin/install -c
configure:2493: checking build system type
configure:2511: result: i686-pc-linux-gnu
configure:2519: checking host system type
configure:2533: result: i686-pc-linux-gnu
configure:2552: checking for ld used by GCC
configure:2615: result: /usr/i686-pc-linux-gnu/bin/ld
configure:2624: checking if the linker (/usr/i686-pc-linux-gnu/bin/ld) is GNU ld
GNU ld version 2.14.90.0.8 20040114
configure:2636: result: yes
configure:2641: checking for /usr/i686-pc-linux-gnu/bin/ld option to reload object files
configure:2648: result: -r
configure:2653: checking for BSD-compatible nm
configure:2689: result: /usr/bin/nm -B
configure:2692: checking whether ln -s works
configure:2696: result: yes
configure:2703: checking how to recognise dependant libraries
configure:2871: result: pass_all
configure:2884: checking command to parse /usr/bin/nm -B output
configure:2961: gcc -c -g -O2  conftest.c >&5
configure:2964: $? = 0
configure:2968: /usr/bin/nm -B conftest.o \| sed -n -e 's/^.*[ 	]\([ABCDGISTW][ABCDGISTW]*\)[ 	][ 	]*\(\)\([_A-Za-z][_A-Za-z0-9]*\)$/\1 \2\3 \3/p' \> conftest.nm
configure:2971: $? = 0
configure:3023: gcc -o conftest -g -O2   conftest.c conftstm.o >&5
configure:3026: $? = 0
configure:3067: result: ok
configure:3076: checking how to run the C preprocessor
configure:3112: gcc -E  conftest.c
configure:3118: $? = 0
configure:3150: gcc -E  conftest.c
configure:3149:28: ac_nonexistent.h: No such file or directory
configure:3156: $? = 1
configure: failed program was:
| #line 3141 "configure"
| /* confdefs.h.  */
| 
| #define PACKAGE_NAME ""
| #define PACKAGE_TARNAME ""
| #define PACKAGE_VERSION ""
| #define PACKAGE_STRING ""
| #define PACKAGE_BUGREPORT ""
| /* end confdefs.h.  */
| #include <ac_nonexistent.h>
configure:3194: result: gcc -E
configure:3219: gcc -E  conftest.c
configure:3225: $? = 0
configure:3257: gcc -E  conftest.c
configure:3256:28: ac_nonexistent.h: No such file or directory
configure:3263: $? = 1
configure: failed program was:
| #line 3248 "configure"
| /* confdefs.h.  */
| 
| #define PACKAGE_NAME ""
| #define PACKAGE_TARNAME ""
| #define PACKAGE_VERSION ""
| #define PACKAGE_STRING ""
| #define PACKAGE_BUGREPORT ""
| /* end confdefs.h.  */
| #include <ac_nonexistent.h>
configure:3306: checking for egrep
configure:3316: result: grep -E
configure:3321: checking for ANSI C header files
configure:3347: gcc -c -g -O2  conftest.c >&5
configure:3350: $? = 0
configure:3353: test -s conftest.o
configure:3356: $? = 0
configure:3445: gcc -o conftest -g -O2   conftest.c  >&5
configure:3448: $? = 0
configure:3450: ./conftest
configure:3453: $? = 0
configure:3468: result: yes
configure:3492: checking for sys/types.h
configure:3509: gcc -c -g -O2  conftest.c >&5
configure:3512: $? = 0
configure:3515: test -s conftest.o
configure:3518: $? = 0
configure:3529: result: yes
configure:3492: checking for sys/stat.h
configure:3509: gcc -c -g -O2  conftest.c >&5
configure:3512: $? = 0
configure:3515: test -s conftest.o
configure:3518: $? = 0
configure:3529: result: yes
configure:3492: checking for stdlib.h
configure:3509: gcc -c -g -O2  conftest.c >&5
configure:3512: $? = 0
configure:3515: test -s conftest.o
configure:3518: $? = 0
configure:3529: result: yes
configure:3492: checking for string.h
configure:3509: gcc -c -g -O2  conftest.c >&5
configure:3512: $? = 0
configure:3515: test -s conftest.o
configure:3518: $? = 0
configure:3529: result: yes
configure:3492: checking for memory.h
configure:3509: gcc -c -g -O2  conftest.c >&5
configure:3512: $? = 0
configure:3515: test -s conftest.o
configure:3518: $? = 0
configure:3529: result: yes
configure:3492: checking for strings.h
configure:3509: gcc -c -g -O2  conftest.c >&5
configure:3512: $? = 0
configure:3515: test -s conftest.o
configure:3518: $? = 0
configure:3529: result: yes
configure:3492: checking for inttypes.h
configure:3509: gcc -c -g -O2  conftest.c >&5
configure:3512: $? = 0
configure:3515: test -s conftest.o
configure:3518: $? = 0
configure:3529: result: yes
configure:3492: checking for stdint.h
configure:3509: gcc -c -g -O2  conftest.c >&5
configure:3512: $? = 0
configure:3515: test -s conftest.o
configure:3518: $? = 0
configure:3529: result: yes
configure:3492: checking for unistd.h
configure:3509: gcc -c -g -O2  conftest.c >&5
configure:3512: $? = 0
configure:3515: test -s conftest.o
configure:3518: $? = 0
configure:3529: result: yes
configure:3555: checking dlfcn.h usability
configure:3568: gcc -c -g -O2  conftest.c >&5
configure:3571: $? = 0
configure:3574: test -s conftest.o
configure:3577: $? = 0
configure:3587: result: yes
configure:3591: checking dlfcn.h presence
configure:3602: gcc -E  conftest.c
configure:3608: $? = 0
configure:3627: result: yes
configure:3663: checking for dlfcn.h
configure:3670: result: yes
configure:3867: checking for ranlib
configure:3883: found /usr/bin/ranlib
configure:3894: result: ranlib
configure:3947: checking for strip
configure:3963: found /usr/bin/strip
configure:3974: result: strip
configure:4179: checking for objdir
configure:4190: result: .libs
configure:4211: checking for gcc option to produce PIC
configure:4361: result: -fPIC
configure:4365: checking if gcc PIC flag -fPIC works
configure:4389: gcc -c -g -O2 -fPIC -DPIC  conftest.c >&5
configure:4392: $? = 0
configure:4395: test -s conftest.o
configure:4398: $? = 0
configure:4436: result: yes
configure:4456: checking if gcc static flag -static works
configure:4481: gcc -o conftest -g -O2   -static conftest.c  >&5
configure:4484: $? = 0
configure:4487: test -s conftest
configure:4490: $? = 0
configure:4506: result: yes
configure:4522: checking if gcc supports -c -o file.o
configure:4552: gcc -c -g -O2 -o out/conftest2.o  conftest.c >&5
configure:4566: result: yes
configure:4571: checking if gcc supports -c -o file.lo
configure:4597: gcc -c -g -O2 -c -o conftest.lo  conftest.c >&5
configure:4600: $? = 0
configure:4603: test -s conftest.o
configure:4606: $? = 1
configure: failed program was:
| #line 4580 "configure"
| /* confdefs.h.  */
| 
| #define PACKAGE_NAME ""
| #define PACKAGE_TARNAME ""
| #define PACKAGE_VERSION ""
| #define PACKAGE_STRING ""
| #define PACKAGE_BUGREPORT ""
| #define STDC_HEADERS 1
| #define HAVE_SYS_TYPES_H 1
| #define HAVE_SYS_STAT_H 1
| #define HAVE_STDLIB_H 1
| #define HAVE_STRING_H 1
| #define HAVE_MEMORY_H 1
| #define HAVE_STRINGS_H 1
| #define HAVE_INTTYPES_H 1
| #define HAVE_STDINT_H 1
| #define HAVE_UNISTD_H 1
| #define HAVE_DLFCN_H 1
| /* end confdefs.h.  */
| 
| int
| main ()
| {
| int some_variable = 0;
|   ;
|   return 0;
| }
configure:4627: result: 
configure:4666: checking if gcc supports -fno-rtti -fno-exceptions
configure:4689: gcc -c -g -O2 -fno-rtti -fno-exceptions -c conftest.c  conftest.c >&5
cc1: warning: command line option "-fno-rtti" is valid for C++/ObjC++ but not for C
cc1: warning: command line option "-fno-rtti" is valid for C++/ObjC++ but not for C
configure:4692: $? = 0
configure:4695: test -s conftest.o
configure:4698: $? = 0
configure:4715: result: yes
configure:4730: checking whether the linker (/usr/i686-pc-linux-gnu/bin/ld) supports shared libraries
configure:5352: result: yes
configure:5361: checking how to hardcode library paths into programs
configure:5385: result: immediate
configure:5394: checking whether stripping libraries is possible
configure:5399: result: yes
configure:5414: checking dynamic linker characteristics
configure:5796: result: GNU/Linux ld.so
configure:5805: checking if libtool supports shared libraries
configure:5807: result: yes
configure:6425: checking whether -lc should be explicitly linked in
configure:6433: gcc -c -g -O2  conftest.c >&5
configure:6436: $? = 0
configure:6450: gcc -shared conftest.o  -v -Wl,-soname -Wl,conftest -o conftest 2\>\&1 \| grep  -lc  \>/dev/null 2\>\&1
configure:6453: $? = 0
configure:6466: result: no
configure:7046: checking for ANSI C header files
configure:7193: result: yes
configure:7217: checking limits.h usability
configure:7230: gcc -c -g -O2  conftest.c >&5
configure:7233: $? = 0
configure:7236: test -s conftest.o
configure:7239: $? = 0
configure:7249: result: yes
configure:7253: checking limits.h presence
configure:7264: gcc -E  conftest.c
configure:7270: $? = 0
configure:7289: result: yes
configure:7325: checking for limits.h
configure:7332: result: yes
configure:7347: checking for an ANSI C-conforming const
configure:7415: gcc -c -g -O2  conftest.c >&5
configure:7418: $? = 0
configure:7421: test -s conftest.o
configure:7424: $? = 0
configure:7435: result: yes
configure:7445: checking for size_t
configure:7470: gcc -c -g -O2  conftest.c >&5
configure:7473: $? = 0
configure:7476: test -s conftest.o
configure:7479: $? = 0
configure:7490: result: yes
configure:7510: checking for bcopy
configure:7560: gcc -o conftest -g -O2   conftest.c  >&5
configure:7552: warning: conflicting types for built-in function 'bcopy'
configure:7563: $? = 0
configure:7566: test -s conftest
configure:7569: $? = 0
configure:7580: result: yes
configure:7510: checking for memmove
configure:7560: gcc -o conftest -g -O2   conftest.c  >&5
configure:7553: warning: conflicting types for built-in function 'memmove'
configure:7563: $? = 0
configure:7566: test -s conftest
configure:7569: $? = 0
configure:7580: result: yes
configure:7510: checking for strerror
configure:7560: gcc -o conftest -g -O2   conftest.c  >&5
configure:7563: $? = 0
configure:7566: test -s conftest
configure:7569: $? = 0
configure:7580: result: yes
configure:7802: creating ./config.status

## ---------------------- ##
## Running config.status. ##
## ---------------------- ##

This file was extended by config.status, which was
generated by GNU Autoconf 2.57.  Invocation command line was

  CONFIG_FILES    = 
  CONFIG_HEADERS  = 
  CONFIG_LINKS    = 
  CONFIG_COMMANDS = 
  $ ./config.status 

on mike

config.status:662: creating Makefile
config.status:662: creating pcre.h
config.status:662: creating pcre-config
config.status:662: creating RunTest
config.status:766: creating config.h
config.status:979: executing default commands

## ---------------- ##
## Cache variables. ##
## ---------------- ##

ac_cv_build=i686-pc-linux-gnu
ac_cv_build_alias=i686-pc-linux-gnu
ac_cv_c_compiler_gnu=yes
ac_cv_c_const=yes
ac_cv_env_CC_set=set
ac_cv_env_CC_value=gcc
ac_cv_env_CFLAGS_set=
ac_cv_env_CFLAGS_value=
ac_cv_env_CPPFLAGS_set=
ac_cv_env_CPPFLAGS_value=
ac_cv_env_CPP_set=
ac_cv_env_CPP_value=
ac_cv_env_LDFLAGS_set=
ac_cv_env_LDFLAGS_value=
ac_cv_env_build_alias_set=
ac_cv_env_build_alias_value=
ac_cv_env_host_alias_set=
ac_cv_env_host_alias_value=
ac_cv_env_target_alias_set=
ac_cv_env_target_alias_value=
ac_cv_exeext=
ac_cv_func_bcopy=yes
ac_cv_func_memmove=yes
ac_cv_func_strerror=yes
ac_cv_header_dlfcn_h=yes
ac_cv_header_inttypes_h=yes
ac_cv_header_limits_h=yes
ac_cv_header_memory_h=yes
ac_cv_header_stdc=yes
ac_cv_header_stdint_h=yes
ac_cv_header_stdlib_h=yes
ac_cv_header_string_h=yes
ac_cv_header_strings_h=yes
ac_cv_header_sys_stat_h=yes
ac_cv_header_sys_types_h=yes
ac_cv_header_unistd_h=yes
ac_cv_host=i686-pc-linux-gnu
ac_cv_host_alias=i686-pc-linux-gnu
ac_cv_objext=o
ac_cv_path_install='/bin/install -c'
ac_cv_prog_CPP='gcc -E'
ac_cv_prog_ac_ct_CC=gcc
ac_cv_prog_ac_ct_RANLIB=ranlib
ac_cv_prog_ac_ct_STRIP=strip
ac_cv_prog_cc_g=yes
ac_cv_prog_cc_stdc=
ac_cv_prog_egrep='grep -E'
ac_cv_type_size_t=yes
lt_cv_archive_cmds_need_lc=no
lt_cv_compiler_c_o=yes
lt_cv_compiler_o_lo=no
lt_cv_deplibs_check_method=pass_all
lt_cv_file_magic_cmd='$MAGIC_CMD'
lt_cv_file_magic_test_file='/lib/libc.so.6 /lib/libc-2.3.3.so'
lt_cv_global_symbol_to_cdecl='sed -n -e '\''s/^. .* \(.*\)$/extern char \1;/p'\'''
lt_cv_ld_reload_flag=-r
lt_cv_path_LD=/usr/i686-pc-linux-gnu/bin/ld
lt_cv_path_NM='/usr/bin/nm -B'
lt_cv_prog_cc_can_build_shared=yes
lt_cv_prog_cc_no_builtin=
lt_cv_prog_cc_pic=' -fPIC'
lt_cv_prog_cc_pic_works=yes
lt_cv_prog_cc_shlib=
lt_cv_prog_cc_static=-static
lt_cv_prog_cc_static_works=yes
lt_cv_prog_cc_wl=-Wl,
lt_cv_prog_gnu_ld=yes
lt_cv_sys_global_symbol_pipe='sed -n -e '\''s/^.*[ 	]\([ABCDGISTW][ABCDGISTW]*\)[ 	][ 	]*\(\)\([_A-Za-z][_A-Za-z0-9]*\)$/\1 \2\3 \3/p'\'''

## ----------------- ##
## Output variables. ##
## ----------------- ##

BUILD_EXEEXT='$(EXEEXT)'
BUILD_OBJEXT='$(OBJEXT)'
CC='gcc'
CC_FOR_BUILD='$(CC)'
CFLAGS='-g -O2'
CFLAGS_FOR_BUILD='$(CFLAGS)'
CPP='gcc -E'
CPPFLAGS=''
DEFS='-DHAVE_CONFIG_H'
ECHO='echo'
ECHO_C=''
ECHO_N='-n'
ECHO_T=''
EGREP='grep -E'
EXEEXT=''
HAVE_MEMMOVE=''
HAVE_STRERROR=''
INSTALL_DATA='${INSTALL} -m 644'
INSTALL_PROGRAM='${INSTALL}'
INSTALL_SCRIPT='${INSTALL}'
LDFLAGS=''
LIBOBJS=''
LIBS=''
LIBTOOL='$(SHELL) $(top_builddir)/libtool'
LINK_SIZE=''
LN_S='ln -s'
LTLIBOBJS=''
MATCH_LIMIT=''
NEWLINE=''
NOT_ON_WINDOWS=''
OBJEXT='o'
ON_WINDOWS='#'
PACKAGE_BUGREPORT=''
PACKAGE_NAME=''
PACKAGE_STRING=''
PACKAGE_TARNAME=''
PACKAGE_VERSION=''
PATH_SEPARATOR=':'
PCRE_DATE='21-August-2003'
PCRE_LIB_VERSION='0:1:0'
PCRE_MAJOR='4'
PCRE_MINOR='4'
PCRE_POSIXLIB_VERSION='0:0:0'
PCRE_VERSION='4.4'
POSIX_LIB='libpcreposix.la'
POSIX_LOBJ=''
POSIX_MALLOC_THRESHOLD='-DPOSIX_MALLOC_THRESHOLD=10'
POSIX_OBJ=''
RANLIB='ranlib'
SHELL='/bin/sh'
STRIP='strip'
UTF8=''
WIN_PREFIX=''
ac_ct_CC='gcc'
ac_ct_RANLIB='ranlib'
ac_ct_STRIP='strip'
bindir='${exec_prefix}/bin'
build='i686-pc-linux-gnu'
build_alias=''
build_cpu='i686'
build_os='linux-gnu'
build_vendor='pc'
datadir='${prefix}/share'
exec_prefix='${prefix}'
host='i686-pc-linux-gnu'
host_alias=''
host_cpu='i686'
host_os='linux-gnu'
host_vendor='pc'
includedir='${prefix}/include'
infodir='${prefix}/info'
libdir='${exec_prefix}/lib'
libexecdir='${exec_prefix}/libexec'
localstatedir='${prefix}/var'
mandir='${prefix}/man'
oldincludedir='/usr/include'
prefix='/usr'
program_transform_name='s,x,x,'
sbindir='${exec_prefix}/sbin'
sharedstatedir='${prefix}/com'
sysconfdir='${prefix}/etc'
target_alias=''

## ----------- ##
## confdefs.h. ##
## ----------- ##

#define HAVE_BCOPY 1
#define HAVE_DLFCN_H 1
#define HAVE_INTTYPES_H 1
#define HAVE_LIMITS_H 1
#define HAVE_MEMMOVE 1
#define HAVE_MEMORY_H 1
#define HAVE_STDINT_H 1
#define HAVE_STDLIB_H 1
#define HAVE_STRERROR 1
#define HAVE_STRINGS_H 1
#define HAVE_STRING_H 1
#define HAVE_SYS_STAT_H 1
#define HAVE_SYS_TYPES_H 1
#define HAVE_UNISTD_H 1
#define PACKAGE_BUGREPORT ""
#define PACKAGE_NAME ""
#define PACKAGE_STRING ""
#define PACKAGE_TARNAME ""
#define PACKAGE_VERSION ""
#define STDC_HEADERS 1
#define STDC_HEADERS 1

configure: exit 0
